2013-12-14 17:53:49,540 | INFO  | Refreshing org.apache.activemq.xbean.XBeanBrokerFactory$1@6f195929: startup date [Sat Dec 14 17:53:49 CET 2013]; root of context hierarchy | org.apache.activemq.xbean.XBeanBrokerFactory$1 | WrapperSimpleAppMain
2013-12-14 17:53:52,911 | INFO  | PListStore:[/home/gens/Téléchargements/apache-activemq-5.9.0/bin/linux-x86-64/../../data/localhost/tmp_storage] started | org.apache.activemq.store.kahadb.plist.PListStoreImpl | WrapperSimpleAppMain
2013-12-14 17:53:52,957 | INFO  | Using Persistence Adapter: KahaDBPersistenceAdapter[/home/gens/Téléchargements/apache-activemq-5.9.0/bin/linux-x86-64/../../data/kahadb] | org.apache.activemq.broker.BrokerService | WrapperSimpleAppMain
2013-12-14 17:53:53,648 | INFO  | Apache ActiveMQ 5.9.0 (localhost, ID:gens-ubuntu-47731-1387040033448-0:1) is starting | org.apache.activemq.broker.BrokerService | WrapperSimpleAppMain
2013-12-14 17:53:53,704 | INFO  | Listening for connections at: tcp://gens-ubuntu:61616?maximumConnections=1000&wireFormat.maxFrameSize=104857600 | org.apache.activemq.transport.TransportServerThreadSupport | WrapperSimpleAppMain
2013-12-14 17:53:53,715 | INFO  | Connector openwire started | org.apache.activemq.broker.TransportConnector | WrapperSimpleAppMain
2013-12-14 17:53:53,732 | INFO  | Listening for connections at: amqp://gens-ubuntu:5672?maximumConnections=1000&wireFormat.maxFrameSize=104857600 | org.apache.activemq.transport.TransportServerThreadSupport | WrapperSimpleAppMain
2013-12-14 17:53:53,740 | INFO  | Connector amqp started | org.apache.activemq.broker.TransportConnector | WrapperSimpleAppMain
2013-12-14 17:53:53,780 | INFO  | Listening for connections at: stomp://gens-ubuntu:61613?maximumConnections=1000&wireFormat.maxFrameSize=104857600 | org.apache.activemq.transport.TransportServerThreadSupport | WrapperSimpleAppMain
2013-12-14 17:53:53,789 | INFO  | Connector stomp started | org.apache.activemq.broker.TransportConnector | WrapperSimpleAppMain
2013-12-14 17:53:53,797 | INFO  | Listening for connections at: mqtt://gens-ubuntu:1883?maximumConnections=1000&wireFormat.maxFrameSize=104857600 | org.apache.activemq.transport.TransportServerThreadSupport | WrapperSimpleAppMain
2013-12-14 17:53:53,799 | INFO  | Connector mqtt started | org.apache.activemq.broker.TransportConnector | WrapperSimpleAppMain
2013-12-14 17:53:59,489 | INFO  | Listening for connections at ws://gens-ubuntu:61614?maximumConnections=1000&wireFormat.maxFrameSize=104857600 | org.apache.activemq.transport.ws.WSTransportServer | WrapperSimpleAppMain
2013-12-14 17:53:59,490 | INFO  | Connector ws started | org.apache.activemq.broker.TransportConnector | WrapperSimpleAppMain
2013-12-14 17:53:59,492 | INFO  | Apache ActiveMQ 5.9.0 (localhost, ID:gens-ubuntu-47731-1387040033448-0:1) started | org.apache.activemq.broker.BrokerService | WrapperSimpleAppMain
2013-12-14 17:53:59,494 | INFO  | For help or more information please see: http://activemq.apache.org | org.apache.activemq.broker.BrokerService | WrapperSimpleAppMain
2013-12-14 17:53:59,496 | WARN  | Store limit is 102400 mb, whilst the data directory: /home/gens/Téléchargements/apache-activemq-5.9.0/bin/linux-x86-64/../../data/kahadb only has 7710 mb of usable space - resetting to maximum available disk space: 7710 mb | org.apache.activemq.broker.BrokerService | WrapperSimpleAppMain
2013-12-14 17:53:59,498 | ERROR | Temporary Store limit is 51200 mb, whilst the temporary data directory: /home/gens/Téléchargements/apache-activemq-5.9.0/bin/linux-x86-64/../../data/localhost/tmp_storage only has 7710 mb of usable space - resetting to maximum available 7710 mb. | org.apache.activemq.broker.BrokerService | WrapperSimpleAppMain
2013-12-14 17:54:00,986 | INFO  | Welcome to hawtio 1.2-M23 : http://hawt.io/ : Don't cha wish your console was hawt like me? ;-) | io.hawt.jmx.JmxTreeWatcher | WrapperSimpleAppMain
2013-12-14 17:54:01,227 | INFO  | Starting hawtio authentication filter, JAAS realm: "activemq" authorized role: "admins" role principal classes: "org.apache.activemq.jaas.GroupPrincipal" | io.hawt.web.AuthenticationFilter | WrapperSimpleAppMain
2013-12-14 17:54:01,543 | INFO  | Using file upload directory: /tmp/uploads | io.hawt.web.UploadServlet | WrapperSimpleAppMain
2013-12-14 17:54:01,575 | INFO  | jolokia-agent: Using access restrictor classpath:/jolokia-access.xml | /hawtio | WrapperSimpleAppMain
2013-12-14 17:54:02,252 | INFO  | ActiveMQ WebConsole available at http://localhost:8161/ | org.apache.activemq.web.WebConsoleStarter | WrapperSimpleAppMain
2013-12-14 17:54:02,520 | INFO  | Initializing Spring FrameworkServlet 'dispatcher' | /admin | WrapperSimpleAppMain
2013-12-14 19:14:24,325 | INFO  | Apache ActiveMQ 5.9.0 (localhost, ID:gens-ubuntu-47731-1387040033448-0:1) is shutting down | org.apache.activemq.broker.BrokerService | Thread-24
2013-12-14 19:14:25,250 | INFO  | Connector openwire stopped | org.apache.activemq.broker.TransportConnector | Thread-24
2013-12-14 19:14:26,374 | INFO  | Connector amqp stopped | org.apache.activemq.broker.TransportConnector | Thread-24
2013-12-14 19:14:26,427 | INFO  | Connector stomp stopped | org.apache.activemq.broker.TransportConnector | Thread-24
2013-12-14 19:14:28,406 | INFO  | Connector mqtt stopped | org.apache.activemq.broker.TransportConnector | Thread-24
2013-12-14 19:14:28,519 | INFO  | Connector ws stopped | org.apache.activemq.broker.TransportConnector | Thread-24
2013-12-14 19:14:28,551 | INFO  | PListStore:[/home/gens/Téléchargements/apache-activemq-5.9.0/bin/linux-x86-64/../../data/localhost/tmp_storage] stopped | org.apache.activemq.store.kahadb.plist.PListStoreImpl | Thread-24
2013-12-14 19:14:28,552 | INFO  | Stopping async queue tasks | org.apache.activemq.store.kahadb.KahaDBStore | Thread-24
2013-12-14 19:14:28,552 | INFO  | Stopping async topic tasks | org.apache.activemq.store.kahadb.KahaDBStore | Thread-24
2013-12-14 19:14:28,553 | INFO  | Stopped KahaDB | org.apache.activemq.store.kahadb.KahaDBStore | Thread-24
2013-12-14 19:14:28,758 | INFO  | Apache ActiveMQ 5.9.0 (localhost, ID:gens-ubuntu-47731-1387040033448-0:1) uptime 1 hour 20 minutes | org.apache.activemq.broker.BrokerService | Thread-24
2013-12-14 19:14:28,759 | INFO  | Apache ActiveMQ 5.9.0 (localhost, ID:gens-ubuntu-47731-1387040033448-0:1) is shutdown | org.apache.activemq.broker.BrokerService | Thread-24
2013-12-14 19:14:28,760 | INFO  | Closing org.apache.activemq.xbean.XBeanBrokerFactory$1@6f195929: startup date [Sat Dec 14 17:53:49 CET 2013]; root of context hierarchy | org.apache.activemq.xbean.XBeanBrokerFactory$1 | Thread-24
2013-12-14 19:14:28,840 | INFO  | Destroying Spring FrameworkServlet 'dispatcher' | /admin | Thread-24
2013-12-14 19:14:28,847 | INFO  | Destroying hawtio authentication filter | io.hawt.web.AuthenticationFilter | Thread-24
2013-12-15 14:23:27,503 | INFO  | Refreshing org.apache.activemq.xbean.XBeanBrokerFactory$1@5f0bc88b: startup date [Sun Dec 15 14:23:27 CET 2013]; root of context hierarchy | org.apache.activemq.xbean.XBeanBrokerFactory$1 | WrapperSimpleAppMain
2013-12-15 14:23:28,932 | INFO  | PListStore:[/home/gens/Téléchargements/apache-activemq-5.9.0/bin/linux-x86-64/../../data/localhost/tmp_storage] started | org.apache.activemq.store.kahadb.plist.PListStoreImpl | WrapperSimpleAppMain
2013-12-15 14:23:28,966 | INFO  | Using Persistence Adapter: KahaDBPersistenceAdapter[/home/gens/Téléchargements/apache-activemq-5.9.0/bin/linux-x86-64/../../data/kahadb] | org.apache.activemq.broker.BrokerService | WrapperSimpleAppMain
2013-12-15 14:23:29,342 | INFO  | KahaDB is version 5 | org.apache.activemq.store.kahadb.MessageDatabase | WrapperSimpleAppMain
2013-12-15 14:23:29,387 | INFO  | Recovering from the journal ... | org.apache.activemq.store.kahadb.MessageDatabase | WrapperSimpleAppMain
2013-12-15 14:23:29,432 | INFO  | Recovery replayed 960 operations from the journal in 0.074 seconds. | org.apache.activemq.store.kahadb.MessageDatabase | WrapperSimpleAppMain
2013-12-15 14:23:29,613 | INFO  | Apache ActiveMQ 5.9.0 (localhost, ID:gens-ubuntu-54337-1387113809463-0:1) is starting | org.apache.activemq.broker.BrokerService | WrapperSimpleAppMain
2013-12-15 14:23:29,632 | INFO  | Listening for connections at: tcp://gens-ubuntu:61616?maximumConnections=1000&wireFormat.maxFrameSize=104857600 | org.apache.activemq.transport.TransportServerThreadSupport | WrapperSimpleAppMain
2013-12-15 14:23:29,637 | INFO  | Connector openwire started | org.apache.activemq.broker.TransportConnector | WrapperSimpleAppMain
2013-12-15 14:23:29,661 | INFO  | Listening for connections at: amqp://gens-ubuntu:5672?maximumConnections=1000&wireFormat.maxFrameSize=104857600 | org.apache.activemq.transport.TransportServerThreadSupport | WrapperSimpleAppMain
2013-12-15 14:23:29,663 | INFO  | Connector amqp started | org.apache.activemq.broker.TransportConnector | WrapperSimpleAppMain
2013-12-15 14:23:29,668 | INFO  | Listening for connections at: stomp://gens-ubuntu:61613?maximumConnections=1000&wireFormat.maxFrameSize=104857600 | org.apache.activemq.transport.TransportServerThreadSupport | WrapperSimpleAppMain
2013-12-15 14:23:29,670 | INFO  | Connector stomp started | org.apache.activemq.broker.TransportConnector | WrapperSimpleAppMain
2013-12-15 14:23:29,673 | INFO  | Listening for connections at: mqtt://gens-ubuntu:1883?maximumConnections=1000&wireFormat.maxFrameSize=104857600 | org.apache.activemq.transport.TransportServerThreadSupport | WrapperSimpleAppMain
2013-12-15 14:23:29,675 | INFO  | Connector mqtt started | org.apache.activemq.broker.TransportConnector | WrapperSimpleAppMain
2013-12-15 14:23:34,873 | INFO  | Listening for connections at ws://gens-ubuntu:61614?maximumConnections=1000&wireFormat.maxFrameSize=104857600 | org.apache.activemq.transport.ws.WSTransportServer | WrapperSimpleAppMain
2013-12-15 14:23:34,874 | INFO  | Connector ws started | org.apache.activemq.broker.TransportConnector | WrapperSimpleAppMain
2013-12-15 14:23:34,877 | INFO  | Apache ActiveMQ 5.9.0 (localhost, ID:gens-ubuntu-54337-1387113809463-0:1) started | org.apache.activemq.broker.BrokerService | WrapperSimpleAppMain
2013-12-15 14:23:34,877 | INFO  | For help or more information please see: http://activemq.apache.org | org.apache.activemq.broker.BrokerService | WrapperSimpleAppMain
2013-12-15 14:23:34,878 | WARN  | Store limit is 102400 mb, whilst the data directory: /home/gens/Téléchargements/apache-activemq-5.9.0/bin/linux-x86-64/../../data/kahadb only has 8715 mb of usable space - resetting to maximum available disk space: 8715 mb | org.apache.activemq.broker.BrokerService | WrapperSimpleAppMain
2013-12-15 14:23:34,879 | ERROR | Temporary Store limit is 51200 mb, whilst the temporary data directory: /home/gens/Téléchargements/apache-activemq-5.9.0/bin/linux-x86-64/../../data/localhost/tmp_storage only has 8715 mb of usable space - resetting to maximum available 8715 mb. | org.apache.activemq.broker.BrokerService | WrapperSimpleAppMain
2013-12-15 14:23:35,575 | INFO  | Welcome to hawtio 1.2-M23 : http://hawt.io/ : Don't cha wish your console was hawt like me? ;-) | io.hawt.jmx.JmxTreeWatcher | WrapperSimpleAppMain
2013-12-15 14:23:35,589 | INFO  | Starting hawtio authentication filter, JAAS realm: "activemq" authorized role: "admins" role principal classes: "org.apache.activemq.jaas.GroupPrincipal" | io.hawt.web.AuthenticationFilter | WrapperSimpleAppMain
2013-12-15 14:23:35,664 | INFO  | Using file upload directory: /tmp/uploads | io.hawt.web.UploadServlet | WrapperSimpleAppMain
2013-12-15 14:23:35,675 | INFO  | jolokia-agent: Using access restrictor classpath:/jolokia-access.xml | /hawtio | WrapperSimpleAppMain
2013-12-15 14:23:35,950 | INFO  | ActiveMQ WebConsole available at http://localhost:8161/ | org.apache.activemq.web.WebConsoleStarter | WrapperSimpleAppMain
2013-12-15 14:23:36,045 | INFO  | Initializing Spring FrameworkServlet 'dispatcher' | /admin | WrapperSimpleAppMain
2013-12-15 14:30:49,951 | INFO  | Refreshing org.apache.activemq.xbean.XBeanBrokerFactory$1@276b998f: startup date [Sun Dec 15 14:30:49 CET 2013]; root of context hierarchy | org.apache.activemq.xbean.XBeanBrokerFactory$1 | WrapperSimpleAppMain
2013-12-15 14:30:51,172 | INFO  | PListStore:[/home/gens/git/projetIFI/apache-activemq-5.9.0/bin/linux-x86-64/../../data/localhost/tmp_storage] started | org.apache.activemq.store.kahadb.plist.PListStoreImpl | WrapperSimpleAppMain
2013-12-15 14:30:51,207 | INFO  | Using Persistence Adapter: KahaDBPersistenceAdapter[/home/gens/git/projetIFI/apache-activemq-5.9.0/bin/linux-x86-64/../../data/kahadb] | org.apache.activemq.broker.BrokerService | WrapperSimpleAppMain
2013-12-15 14:30:51,570 | INFO  | KahaDB is version 5 | org.apache.activemq.store.kahadb.MessageDatabase | WrapperSimpleAppMain
2013-12-15 14:30:51,602 | INFO  | Recovering from the journal ... | org.apache.activemq.store.kahadb.MessageDatabase | WrapperSimpleAppMain
2013-12-15 14:30:51,653 | INFO  | Recovery replayed 1004 operations from the journal in 0.066 seconds. | org.apache.activemq.store.kahadb.MessageDatabase | WrapperSimpleAppMain
2013-12-15 14:30:51,813 | INFO  | Apache ActiveMQ 5.9.0 (localhost, ID:gens-ubuntu-34516-1387114251685-0:1) is starting | org.apache.activemq.broker.BrokerService | WrapperSimpleAppMain
2013-12-15 14:30:51,835 | INFO  | Listening for connections at: tcp://gens-ubuntu:61616?maximumConnections=1000&wireFormat.maxFrameSize=104857600 | org.apache.activemq.transport.TransportServerThreadSupport | WrapperSimpleAppMain
2013-12-15 14:30:51,838 | INFO  | Connector openwire started | org.apache.activemq.broker.TransportConnector | WrapperSimpleAppMain
2013-12-15 14:30:51,858 | INFO  | Listening for connections at: amqp://gens-ubuntu:5672?maximumConnections=1000&wireFormat.maxFrameSize=104857600 | org.apache.activemq.transport.TransportServerThreadSupport | WrapperSimpleAppMain
2013-12-15 14:30:51,860 | INFO  | Connector amqp started | org.apache.activemq.broker.TransportConnector | WrapperSimpleAppMain
2013-12-15 14:30:51,864 | INFO  | Listening for connections at: stomp://gens-ubuntu:61613?maximumConnections=1000&wireFormat.maxFrameSize=104857600 | org.apache.activemq.transport.TransportServerThreadSupport | WrapperSimpleAppMain
2013-12-15 14:30:51,865 | INFO  | Connector stomp started | org.apache.activemq.broker.TransportConnector | WrapperSimpleAppMain
2013-12-15 14:30:51,869 | INFO  | Listening for connections at: mqtt://gens-ubuntu:1883?maximumConnections=1000&wireFormat.maxFrameSize=104857600 | org.apache.activemq.transport.TransportServerThreadSupport | WrapperSimpleAppMain
2013-12-15 14:30:51,871 | INFO  | Connector mqtt started | org.apache.activemq.broker.TransportConnector | WrapperSimpleAppMain
2013-12-15 14:30:56,999 | INFO  | Listening for connections at ws://gens-ubuntu:61614?maximumConnections=1000&wireFormat.maxFrameSize=104857600 | org.apache.activemq.transport.ws.WSTransportServer | WrapperSimpleAppMain
2013-12-15 14:30:57,000 | INFO  | Connector ws started | org.apache.activemq.broker.TransportConnector | WrapperSimpleAppMain
2013-12-15 14:30:57,004 | INFO  | Apache ActiveMQ 5.9.0 (localhost, ID:gens-ubuntu-34516-1387114251685-0:1) started | org.apache.activemq.broker.BrokerService | WrapperSimpleAppMain
2013-12-15 14:30:57,005 | INFO  | For help or more information please see: http://activemq.apache.org | org.apache.activemq.broker.BrokerService | WrapperSimpleAppMain
2013-12-15 14:30:57,006 | WARN  | Store limit is 102400 mb, whilst the data directory: /home/gens/git/projetIFI/apache-activemq-5.9.0/bin/linux-x86-64/../../data/kahadb only has 8611 mb of usable space - resetting to maximum available disk space: 8611 mb | org.apache.activemq.broker.BrokerService | WrapperSimpleAppMain
2013-12-15 14:30:57,008 | ERROR | Temporary Store limit is 51200 mb, whilst the temporary data directory: /home/gens/git/projetIFI/apache-activemq-5.9.0/bin/linux-x86-64/../../data/localhost/tmp_storage only has 8611 mb of usable space - resetting to maximum available 8611 mb. | org.apache.activemq.broker.BrokerService | WrapperSimpleAppMain
2013-12-15 14:30:57,246 | WARN  | Web application not found ../../webapps/hawtio | org.eclipse.jetty.webapp.WebInfConfiguration | WrapperSimpleAppMain
2013-12-15 14:30:57,249 | WARN  | Failed startup of context o.e.j.w.WebAppContext{/hawtio,null},../../webapps/hawtio | org.eclipse.jetty.webapp.WebAppContext | WrapperSimpleAppMain
java.io.FileNotFoundException: ../../webapps/hawtio
	at org.eclipse.jetty.webapp.WebInfConfiguration.unpack(WebInfConfiguration.java:502)
	at org.eclipse.jetty.webapp.WebInfConfiguration.preConfigure(WebInfConfiguration.java:71)
	at org.eclipse.jetty.webapp.WebAppContext.preConfigure(WebAppContext.java:443)
	at org.eclipse.jetty.webapp.WebAppContext.doStart(WebAppContext.java:479)
	at org.eclipse.jetty.util.component.AbstractLifeCycle.start(AbstractLifeCycle.java:64)
	at org.eclipse.jetty.server.handler.HandlerCollection.doStart(HandlerCollection.java:229)
	at org.eclipse.jetty.util.component.AbstractLifeCycle.start(AbstractLifeCycle.java:64)
	at org.eclipse.jetty.server.handler.HandlerWrapper.doStart(HandlerWrapper.java:95)
	at org.eclipse.jetty.security.SecurityHandler.doStart(SecurityHandler.java:381)
	at org.eclipse.jetty.security.ConstraintSecurityHandler.doStart(ConstraintSecurityHandler.java:233)
	at org.eclipse.jetty.util.component.AbstractLifeCycle.start(AbstractLifeCycle.java:64)
	at org.eclipse.jetty.server.handler.HandlerCollection.doStart(HandlerCollection.java:229)
	at org.eclipse.jetty.util.component.AbstractLifeCycle.start(AbstractLifeCycle.java:64)
	at org.eclipse.jetty.server.handler.HandlerWrapper.doStart(HandlerWrapper.java:95)
	at org.eclipse.jetty.server.Server.doStart(Server.java:279)
	at org.eclipse.jetty.util.component.AbstractLifeCycle.start(AbstractLifeCycle.java:64)
	at sun.reflect.NativeMethodAccessorImpl.invoke0(Native Method)
	at sun.reflect.NativeMethodAccessorImpl.invoke(NativeMethodAccessorImpl.java:57)
	at sun.reflect.DelegatingMethodAccessorImpl.invoke(DelegatingMethodAccessorImpl.java:43)
	at java.lang.reflect.Method.invoke(Method.java:606)
	at org.springframework.beans.factory.support.AbstractAutowireCapableBeanFactory.invokeCustomInitMethod(AbstractAutowireCapableBeanFactory.java:1608)
	at org.springframework.beans.factory.support.AbstractAutowireCapableBeanFactory.invokeInitMethods(AbstractAutowireCapableBeanFactory.java:1549)
	at org.springframework.beans.factory.support.AbstractAutowireCapableBeanFactory.initializeBean(AbstractAutowireCapableBeanFactory.java:1479)
	at org.springframework.beans.factory.support.AbstractAutowireCapableBeanFactory.doCreateBean(AbstractAutowireCapableBeanFactory.java:521)
	at org.springframework.beans.factory.support.AbstractAutowireCapableBeanFactory.createBean(AbstractAutowireCapableBeanFactory.java:458)
	at org.springframework.beans.factory.support.AbstractBeanFactory$1.getObject(AbstractBeanFactory.java:295)
	at org.springframework.beans.factory.support.DefaultSingletonBeanRegistry.getSingleton(DefaultSingletonBeanRegistry.java:223)
	at org.springframework.beans.factory.support.AbstractBeanFactory.doGetBean(AbstractBeanFactory.java:292)
	at org.springframework.beans.factory.support.AbstractBeanFactory.getBean(AbstractBeanFactory.java:194)
	at org.springframework.beans.factory.support.DefaultListableBeanFactory.preInstantiateSingletons(DefaultListableBeanFactory.java:628)
	at org.springframework.context.support.AbstractApplicationContext.finishBeanFactoryInitialization(AbstractApplicationContext.java:932)
	at org.springframework.context.support.AbstractApplicationContext.refresh(AbstractApplicationContext.java:479)
	at org.apache.xbean.spring.context.ResourceXmlApplicationContext.<init>(ResourceXmlApplicationContext.java:64)
	at org.apache.xbean.spring.context.ResourceXmlApplicationContext.<init>(ResourceXmlApplicationContext.java:52)
	at org.apache.activemq.xbean.XBeanBrokerFactory$1.<init>(XBeanBrokerFactory.java:104)
	at org.apache.activemq.xbean.XBeanBrokerFactory.createApplicationContext(XBeanBrokerFactory.java:104)
	at org.apache.activemq.xbean.XBeanBrokerFactory.createBroker(XBeanBrokerFactory.java:67)
	at org.apache.activemq.broker.BrokerFactory.createBroker(BrokerFactory.java:71)
	at org.apache.activemq.broker.BrokerFactory.createBroker(BrokerFactory.java:54)
	at org.apache.activemq.console.command.StartCommand.runTask(StartCommand.java:87)
	at org.apache.activemq.console.command.AbstractCommand.execute(AbstractCommand.java:57)
	at org.apache.activemq.console.command.ShellCommand.runTask(ShellCommand.java:150)
	at org.apache.activemq.console.command.AbstractCommand.execute(AbstractCommand.java:57)
	at org.apache.activemq.console.command.ShellCommand.main(ShellCommand.java:104)
	at sun.reflect.NativeMethodAccessorImpl.invoke0(Native Method)
	at sun.reflect.NativeMethodAccessorImpl.invoke(NativeMethodAccessorImpl.java:57)
	at sun.reflect.DelegatingMethodAccessorImpl.invoke(DelegatingMethodAccessorImpl.java:43)
	at java.lang.reflect.Method.invoke(Method.java:606)
	at org.apache.activemq.console.Main.runTaskClass(Main.java:262)
	at org.apache.activemq.console.Main.main(Main.java:115)
	at sun.reflect.NativeMethodAccessorImpl.invoke0(Native Method)
	at sun.reflect.NativeMethodAccessorImpl.invoke(NativeMethodAccessorImpl.java:57)
	at sun.reflect.DelegatingMethodAccessorImpl.invoke(DelegatingMethodAccessorImpl.java:43)
	at java.lang.reflect.Method.invoke(Method.java:606)
	at org.tanukisoftware.wrapper.WrapperSimpleApp.run(WrapperSimpleApp.java:240)
	at java.lang.Thread.run(Thread.java:724)
