STATUS | wrapper  | 2013/12/14 17:53:41 | --> Wrapper Started as Daemon
STATUS | wrapper  | 2013/12/14 17:53:41 | Launching a JVM...
INFO   | jvm 1    | 2013/12/14 17:53:43 | Wrapper (Version 3.2.3) http://wrapper.tanukisoftware.org
INFO   | jvm 1    | 2013/12/14 17:53:43 |   Copyright 1999-2006 Tanuki Software, Inc.  All Rights Reserved.
INFO   | jvm 1    | 2013/12/14 17:53:43 | 
INFO   | jvm 1    | 2013/12/14 17:53:43 | Java Runtime: Oracle Corporation 1.7.0_25 /usr/lib/jvm/java-7-openjdk-amd64/jre
INFO   | jvm 1    | 2013/12/14 17:53:43 |   Heap sizes: current=60032k  free=55297k  max=932096k
INFO   | jvm 1    | 2013/12/14 17:53:43 |     JVM args: -Dactivemq.home=../.. -Dactivemq.base=../.. -Djavax.net.ssl.keyStorePassword=password -Djavax.net.ssl.trustStorePassword=password -Djavax.net.ssl.keyStore=../../conf/broker.ks -Djavax.net.ssl.trustStore=../../conf/broker.ts -Dcom.sun.management.jmxremote -Dorg.apache.activemq.UseDedicatedTaskRunner=true -Djava.util.logging.config.file=logging.properties -Dactivemq.conf=../../conf -Dactivemq.data=../../data -Dhawtio.realm=activemq -Dhawtio.role=admins -Dhawtio.rolePrincipalClasses=org.apache.activemq.jaas.GroupPrincipal -Djava.security.auth.login.config=../../conf/login.config -Xmx1024m -Djava.library.path=../../bin/linux-x86-64/ -Dwrapper.key=6bEzLH11p2_CNAeq -Dwrapper.port=32000 -Dwrapper.jvm.port.min=31000 -Dwrapper.jvm.port.max=31999 -Dwrapper.pid=7153 -Dwrapper.version=3.2.3 -Dwrapper.native_library=wrapper -Dwrapper.service=TRUE -Dwrapper.cpu.timeout=10 -Dwrapper.jvmid=1
INFO   | jvm 1    | 2013/12/14 17:53:43 | Extensions classpath:
INFO   | jvm 1    | 2013/12/14 17:53:43 |   [../../lib,../../lib/camel,../../lib/optional,../../lib/web,../../lib/extra]
INFO   | jvm 1    | 2013/12/14 17:53:43 | ACTIVEMQ_HOME: ../..
INFO   | jvm 1    | 2013/12/14 17:53:43 | ACTIVEMQ_BASE: ../..
INFO   | jvm 1    | 2013/12/14 17:53:43 | ACTIVEMQ_CONF: ../../conf
INFO   | jvm 1    | 2013/12/14 17:53:43 | ACTIVEMQ_DATA: ../../data
INFO   | jvm 1    | 2013/12/14 17:53:48 | Loading message broker from: xbean:activemq.xml
INFO   | jvm 1    | 2013/12/14 17:53:49 |  INFO | Refreshing org.apache.activemq.xbean.XBeanBrokerFactory$1@6f195929: startup date [Sat Dec 14 17:53:49 CET 2013]; root of context hierarchy
INFO   | jvm 1    | 2013/12/14 17:53:52 |  INFO | PListStore:[/home/gens/Téléchargements/apache-activemq-5.9.0/bin/linux-x86-64/../../data/localhost/tmp_storage] started
INFO   | jvm 1    | 2013/12/14 17:53:53 |  INFO | Using Persistence Adapter: KahaDBPersistenceAdapter[/home/gens/Téléchargements/apache-activemq-5.9.0/bin/linux-x86-64/../../data/kahadb]
INFO   | jvm 1    | 2013/12/14 17:53:53 |  INFO | Apache ActiveMQ 5.9.0 (localhost, ID:gens-ubuntu-47731-1387040033448-0:1) is starting
INFO   | jvm 1    | 2013/12/14 17:53:53 |  INFO | Listening for connections at: tcp://gens-ubuntu:61616?maximumConnections=1000&wireFormat.maxFrameSize=104857600
INFO   | jvm 1    | 2013/12/14 17:53:53 |  INFO | Connector openwire started
INFO   | jvm 1    | 2013/12/14 17:53:53 |  INFO | Listening for connections at: amqp://gens-ubuntu:5672?maximumConnections=1000&wireFormat.maxFrameSize=104857600
INFO   | jvm 1    | 2013/12/14 17:53:53 |  INFO | Connector amqp started
INFO   | jvm 1    | 2013/12/14 17:53:53 |  INFO | Listening for connections at: stomp://gens-ubuntu:61613?maximumConnections=1000&wireFormat.maxFrameSize=104857600
INFO   | jvm 1    | 2013/12/14 17:53:53 |  INFO | Connector stomp started
INFO   | jvm 1    | 2013/12/14 17:53:53 |  INFO | Listening for connections at: mqtt://gens-ubuntu:1883?maximumConnections=1000&wireFormat.maxFrameSize=104857600
INFO   | jvm 1    | 2013/12/14 17:53:53 |  INFO | Connector mqtt started
INFO   | jvm 1    | 2013/12/14 17:53:59 |  INFO | Listening for connections at ws://gens-ubuntu:61614?maximumConnections=1000&wireFormat.maxFrameSize=104857600
INFO   | jvm 1    | 2013/12/14 17:53:59 |  INFO | Connector ws started
INFO   | jvm 1    | 2013/12/14 17:53:59 |  INFO | Apache ActiveMQ 5.9.0 (localhost, ID:gens-ubuntu-47731-1387040033448-0:1) started
INFO   | jvm 1    | 2013/12/14 17:53:59 |  INFO | For help or more information please see: http://activemq.apache.org
INFO   | jvm 1    | 2013/12/14 17:53:59 |  WARN | Store limit is 102400 mb, whilst the data directory: /home/gens/Téléchargements/apache-activemq-5.9.0/bin/linux-x86-64/../../data/kahadb only has 7710 mb of usable space - resetting to maximum available disk space: 7710 mb
INFO   | jvm 1    | 2013/12/14 17:53:59 | ERROR | Temporary Store limit is 51200 mb, whilst the temporary data directory: /home/gens/Téléchargements/apache-activemq-5.9.0/bin/linux-x86-64/../../data/localhost/tmp_storage only has 7710 mb of usable space - resetting to maximum available 7710 mb.
INFO   | jvm 1    | 2013/12/14 17:54:01 |  INFO | Welcome to hawtio 1.2-M23 : http://hawt.io/ : Don't cha wish your console was hawt like me? ;-)
INFO   | jvm 1    | 2013/12/14 17:54:01 |  INFO | Starting hawtio authentication filter, JAAS realm: "activemq" authorized role: "admins" role principal classes: "org.apache.activemq.jaas.GroupPrincipal"
INFO   | jvm 1    | 2013/12/14 17:54:01 |  INFO | Using file upload directory: /tmp/uploads
INFO   | jvm 1    | 2013/12/14 17:54:01 |  INFO | jolokia-agent: Using access restrictor classpath:/jolokia-access.xml
INFO   | jvm 1    | 2013/12/14 17:54:02 |  INFO | ActiveMQ WebConsole available at http://localhost:8161/
INFO   | jvm 1    | 2013/12/14 17:54:02 |  INFO | Initializing Spring FrameworkServlet 'dispatcher'
WARN   | wrapper  | 2013/12/14 19:14:23 | JVM process was still running after receiving a SIGCHLD signal.
WARN   | wrapper  | 2013/12/14 19:14:23 | JVM process was still running after receiving a SIGCHLD signal.
STATUS | wrapper  | 2013/12/14 19:14:23 | TERM trapped.  Shutting down.
WARN   | wrapper  | 2013/12/14 19:14:23 | JVM process was still running after receiving a SIGCHLD signal.
INFO   | jvm 1    | 2013/12/14 19:14:24 |  INFO | Apache ActiveMQ 5.9.0 (localhost, ID:gens-ubuntu-47731-1387040033448-0:1) is shutting down
WARN   | wrapper  | 2013/12/14 19:14:24 | JVM process was still running after receiving a SIGCHLD signal.
INFO   | jvm 1    | 2013/12/14 19:14:25 |  INFO | Connector openwire stopped
WARN   | wrapper  | 2013/12/14 19:14:25 | JVM process was still running after receiving a SIGCHLD signal.
INFO   | jvm 1    | 2013/12/14 19:14:26 |  INFO | Connector amqp stopped
INFO   | jvm 1    | 2013/12/14 19:14:26 |  INFO | Connector stomp stopped
WARN   | wrapper  | 2013/12/14 19:14:26 | JVM process was still running after receiving a SIGCHLD signal.
WARN   | wrapper  | 2013/12/14 19:14:27 | JVM process was still running after receiving a SIGCHLD signal.
INFO   | jvm 1    | 2013/12/14 19:14:28 |  INFO | Connector mqtt stopped
INFO   | jvm 1    | 2013/12/14 19:14:28 |  INFO | Connector ws stopped
INFO   | jvm 1    | 2013/12/14 19:14:28 |  INFO | PListStore:[/home/gens/Téléchargements/apache-activemq-5.9.0/bin/linux-x86-64/../../data/localhost/tmp_storage] stopped
INFO   | jvm 1    | 2013/12/14 19:14:28 |  INFO | Stopping async queue tasks
INFO   | jvm 1    | 2013/12/14 19:14:28 |  INFO | Stopping async topic tasks
INFO   | jvm 1    | 2013/12/14 19:14:28 |  INFO | Stopped KahaDB
INFO   | jvm 1    | 2013/12/14 19:14:28 |  INFO | Apache ActiveMQ 5.9.0 (localhost, ID:gens-ubuntu-47731-1387040033448-0:1) uptime 1 hour 20 minutes
INFO   | jvm 1    | 2013/12/14 19:14:28 |  INFO | Apache ActiveMQ 5.9.0 (localhost, ID:gens-ubuntu-47731-1387040033448-0:1) is shutdown
INFO   | jvm 1    | 2013/12/14 19:14:28 |  INFO | Closing org.apache.activemq.xbean.XBeanBrokerFactory$1@6f195929: startup date [Sat Dec 14 17:53:49 CET 2013]; root of context hierarchy
WARN   | wrapper  | 2013/12/14 19:14:28 | JVM process was still running after receiving a SIGCHLD signal.
INFO   | jvm 1    | 2013/12/14 19:14:28 |  INFO | Destroying Spring FrameworkServlet 'dispatcher'
INFO   | jvm 1    | 2013/12/14 19:14:28 |  INFO | Destroying hawtio authentication filter
STATUS | wrapper  | 2013/12/14 19:14:29 | <-- Wrapper Stopped
STATUS | wrapper  | 2013/12/15 14:23:25 | --> Wrapper Started as Daemon
STATUS | wrapper  | 2013/12/15 14:23:25 | Launching a JVM...
INFO   | jvm 1    | 2013/12/15 14:23:25 | Wrapper (Version 3.2.3) http://wrapper.tanukisoftware.org
INFO   | jvm 1    | 2013/12/15 14:23:25 |   Copyright 1999-2006 Tanuki Software, Inc.  All Rights Reserved.
INFO   | jvm 1    | 2013/12/15 14:23:25 | 
INFO   | jvm 1    | 2013/12/15 14:23:26 | Java Runtime: Oracle Corporation 1.7.0_25 /usr/lib/jvm/java-7-openjdk-amd64/jre
INFO   | jvm 1    | 2013/12/15 14:23:26 |   Heap sizes: current=60032k  free=55297k  max=932096k
INFO   | jvm 1    | 2013/12/15 14:23:26 |     JVM args: -Dactivemq.home=../.. -Dactivemq.base=../.. -Djavax.net.ssl.keyStorePassword=password -Djavax.net.ssl.trustStorePassword=password -Djavax.net.ssl.keyStore=../../conf/broker.ks -Djavax.net.ssl.trustStore=../../conf/broker.ts -Dcom.sun.management.jmxremote -Dorg.apache.activemq.UseDedicatedTaskRunner=true -Djava.util.logging.config.file=logging.properties -Dactivemq.conf=../../conf -Dactivemq.data=../../data -Dhawtio.realm=activemq -Dhawtio.role=admins -Dhawtio.rolePrincipalClasses=org.apache.activemq.jaas.GroupPrincipal -Djava.security.auth.login.config=../../conf/login.config -Xmx1024m -Djava.library.path=../../bin/linux-x86-64/ -Dwrapper.key=QOoTRIsjj8RxId81 -Dwrapper.port=32000 -Dwrapper.jvm.port.min=31000 -Dwrapper.jvm.port.max=31999 -Dwrapper.pid=3455 -Dwrapper.version=3.2.3 -Dwrapper.native_library=wrapper -Dwrapper.service=TRUE -Dwrapper.cpu.timeout=10 -Dwrapper.jvmid=1
INFO   | jvm 1    | 2013/12/15 14:23:26 | Extensions classpath:
INFO   | jvm 1    | 2013/12/15 14:23:26 |   [../../lib,../../lib/camel,../../lib/optional,../../lib/web,../../lib/extra]
INFO   | jvm 1    | 2013/12/15 14:23:26 | ACTIVEMQ_HOME: ../..
INFO   | jvm 1    | 2013/12/15 14:23:26 | ACTIVEMQ_BASE: ../..
INFO   | jvm 1    | 2013/12/15 14:23:26 | ACTIVEMQ_CONF: ../../conf
INFO   | jvm 1    | 2013/12/15 14:23:26 | ACTIVEMQ_DATA: ../../data
INFO   | jvm 1    | 2013/12/15 14:23:27 | Loading message broker from: xbean:activemq.xml
INFO   | jvm 1    | 2013/12/15 14:23:27 |  INFO | Refreshing org.apache.activemq.xbean.XBeanBrokerFactory$1@5f0bc88b: startup date [Sun Dec 15 14:23:27 CET 2013]; root of context hierarchy
INFO   | jvm 1    | 2013/12/15 14:23:28 |  INFO | PListStore:[/home/gens/Téléchargements/apache-activemq-5.9.0/bin/linux-x86-64/../../data/localhost/tmp_storage] started
INFO   | jvm 1    | 2013/12/15 14:23:28 |  INFO | Using Persistence Adapter: KahaDBPersistenceAdapter[/home/gens/Téléchargements/apache-activemq-5.9.0/bin/linux-x86-64/../../data/kahadb]
INFO   | jvm 1    | 2013/12/15 14:23:29 |  INFO | KahaDB is version 5
INFO   | jvm 1    | 2013/12/15 14:23:29 |  INFO | Recovering from the journal ...
INFO   | jvm 1    | 2013/12/15 14:23:29 |  INFO | Recovery replayed 960 operations from the journal in 0.074 seconds.
INFO   | jvm 1    | 2013/12/15 14:23:29 |  INFO | Apache ActiveMQ 5.9.0 (localhost, ID:gens-ubuntu-54337-1387113809463-0:1) is starting
INFO   | jvm 1    | 2013/12/15 14:23:29 |  INFO | Listening for connections at: tcp://gens-ubuntu:61616?maximumConnections=1000&wireFormat.maxFrameSize=104857600
INFO   | jvm 1    | 2013/12/15 14:23:29 |  INFO | Connector openwire started
INFO   | jvm 1    | 2013/12/15 14:23:29 |  INFO | Listening for connections at: amqp://gens-ubuntu:5672?maximumConnections=1000&wireFormat.maxFrameSize=104857600
INFO   | jvm 1    | 2013/12/15 14:23:29 |  INFO | Connector amqp started
INFO   | jvm 1    | 2013/12/15 14:23:29 |  INFO | Listening for connections at: stomp://gens-ubuntu:61613?maximumConnections=1000&wireFormat.maxFrameSize=104857600
INFO   | jvm 1    | 2013/12/15 14:23:29 |  INFO | Connector stomp started
INFO   | jvm 1    | 2013/12/15 14:23:29 |  INFO | Listening for connections at: mqtt://gens-ubuntu:1883?maximumConnections=1000&wireFormat.maxFrameSize=104857600
INFO   | jvm 1    | 2013/12/15 14:23:29 |  INFO | Connector mqtt started
INFO   | jvm 1    | 2013/12/15 14:23:34 |  INFO | Listening for connections at ws://gens-ubuntu:61614?maximumConnections=1000&wireFormat.maxFrameSize=104857600
INFO   | jvm 1    | 2013/12/15 14:23:34 |  INFO | Connector ws started
INFO   | jvm 1    | 2013/12/15 14:23:34 |  INFO | Apache ActiveMQ 5.9.0 (localhost, ID:gens-ubuntu-54337-1387113809463-0:1) started
INFO   | jvm 1    | 2013/12/15 14:23:34 |  INFO | For help or more information please see: http://activemq.apache.org
INFO   | jvm 1    | 2013/12/15 14:23:34 |  WARN | Store limit is 102400 mb, whilst the data directory: /home/gens/Téléchargements/apache-activemq-5.9.0/bin/linux-x86-64/../../data/kahadb only has 8715 mb of usable space - resetting to maximum available disk space: 8715 mb
INFO   | jvm 1    | 2013/12/15 14:23:34 | ERROR | Temporary Store limit is 51200 mb, whilst the temporary data directory: /home/gens/Téléchargements/apache-activemq-5.9.0/bin/linux-x86-64/../../data/localhost/tmp_storage only has 8715 mb of usable space - resetting to maximum available 8715 mb.
INFO   | jvm 1    | 2013/12/15 14:23:35 |  INFO | Welcome to hawtio 1.2-M23 : http://hawt.io/ : Don't cha wish your console was hawt like me? ;-)
INFO   | jvm 1    | 2013/12/15 14:23:35 |  INFO | Starting hawtio authentication filter, JAAS realm: "activemq" authorized role: "admins" role principal classes: "org.apache.activemq.jaas.GroupPrincipal"
INFO   | jvm 1    | 2013/12/15 14:23:35 |  INFO | Using file upload directory: /tmp/uploads
INFO   | jvm 1    | 2013/12/15 14:23:35 |  INFO | jolokia-agent: Using access restrictor classpath:/jolokia-access.xml
INFO   | jvm 1    | 2013/12/15 14:23:36 |  INFO | ActiveMQ WebConsole available at http://localhost:8161/
INFO   | jvm 1    | 2013/12/15 14:23:36 |  INFO | Initializing Spring FrameworkServlet 'dispatcher'
STATUS | wrapper  | 2013/12/15 14:30:49 | --> Wrapper Started as Daemon
STATUS | wrapper  | 2013/12/15 14:30:49 | Launching a JVM...
INFO   | jvm 1    | 2013/12/15 14:30:49 | Wrapper (Version 3.2.3) http://wrapper.tanukisoftware.org
INFO   | jvm 1    | 2013/12/15 14:30:49 |   Copyright 1999-2006 Tanuki Software, Inc.  All Rights Reserved.
INFO   | jvm 1    | 2013/12/15 14:30:49 | 
INFO   | jvm 1    | 2013/12/15 14:30:49 | Java Runtime: Oracle Corporation 1.7.0_25 /usr/lib/jvm/java-7-openjdk-amd64/jre
INFO   | jvm 1    | 2013/12/15 14:30:49 |   Heap sizes: current=60032k  free=55619k  max=932096k
INFO   | jvm 1    | 2013/12/15 14:30:49 |     JVM args: -Dactivemq.home=../.. -Dactivemq.base=../.. -Djavax.net.ssl.keyStorePassword=password -Djavax.net.ssl.trustStorePassword=password -Djavax.net.ssl.keyStore=../../conf/broker.ks -Djavax.net.ssl.trustStore=../../conf/broker.ts -Dcom.sun.management.jmxremote -Dorg.apache.activemq.UseDedicatedTaskRunner=true -Djava.util.logging.config.file=logging.properties -Dactivemq.conf=../../conf -Dactivemq.data=../../data -Dhawtio.realm=activemq -Dhawtio.role=admins -Dhawtio.rolePrincipalClasses=org.apache.activemq.jaas.GroupPrincipal -Djava.security.auth.login.config=../../conf/login.config -Xmx1024m -Djava.library.path=../../bin/linux-x86-64/ -Dwrapper.key=uFIL_lx7PvwWR6fi -Dwrapper.port=32000 -Dwrapper.jvm.port.min=31000 -Dwrapper.jvm.port.max=31999 -Dwrapper.pid=4516 -Dwrapper.version=3.2.3 -Dwrapper.native_library=wrapper -Dwrapper.service=TRUE -Dwrapper.cpu.timeout=10 -Dwrapper.jvmid=1
INFO   | jvm 1    | 2013/12/15 14:30:49 | Extensions classpath:
INFO   | jvm 1    | 2013/12/15 14:30:49 |   [../../lib,../../lib/camel,../../lib/optional,../../lib/web,../../lib/extra]
INFO   | jvm 1    | 2013/12/15 14:30:49 | ACTIVEMQ_HOME: ../..
INFO   | jvm 1    | 2013/12/15 14:30:49 | ACTIVEMQ_BASE: ../..
INFO   | jvm 1    | 2013/12/15 14:30:49 | ACTIVEMQ_CONF: ../../conf
INFO   | jvm 1    | 2013/12/15 14:30:49 | ACTIVEMQ_DATA: ../../data
INFO   | jvm 1    | 2013/12/15 14:30:49 | Loading message broker from: xbean:activemq.xml
INFO   | jvm 1    | 2013/12/15 14:30:49 |  INFO | Refreshing org.apache.activemq.xbean.XBeanBrokerFactory$1@276b998f: startup date [Sun Dec 15 14:30:49 CET 2013]; root of context hierarchy
INFO   | jvm 1    | 2013/12/15 14:30:51 |  INFO | PListStore:[/home/gens/git/projetIFI/apache-activemq-5.9.0/bin/linux-x86-64/../../data/localhost/tmp_storage] started
INFO   | jvm 1    | 2013/12/15 14:30:51 |  INFO | Using Persistence Adapter: KahaDBPersistenceAdapter[/home/gens/git/projetIFI/apache-activemq-5.9.0/bin/linux-x86-64/../../data/kahadb]
INFO   | jvm 1    | 2013/12/15 14:30:51 |  INFO | KahaDB is version 5
INFO   | jvm 1    | 2013/12/15 14:30:51 |  INFO | Recovering from the journal ...
INFO   | jvm 1    | 2013/12/15 14:30:51 |  INFO | Recovery replayed 1004 operations from the journal in 0.066 seconds.
INFO   | jvm 1    | 2013/12/15 14:30:51 |  INFO | Apache ActiveMQ 5.9.0 (localhost, ID:gens-ubuntu-34516-1387114251685-0:1) is starting
INFO   | jvm 1    | 2013/12/15 14:30:51 |  INFO | Listening for connections at: tcp://gens-ubuntu:61616?maximumConnections=1000&wireFormat.maxFrameSize=104857600
INFO   | jvm 1    | 2013/12/15 14:30:51 |  INFO | Connector openwire started
INFO   | jvm 1    | 2013/12/15 14:30:51 |  INFO | Listening for connections at: amqp://gens-ubuntu:5672?maximumConnections=1000&wireFormat.maxFrameSize=104857600
INFO   | jvm 1    | 2013/12/15 14:30:51 |  INFO | Connector amqp started
INFO   | jvm 1    | 2013/12/15 14:30:51 |  INFO | Listening for connections at: stomp://gens-ubuntu:61613?maximumConnections=1000&wireFormat.maxFrameSize=104857600
INFO   | jvm 1    | 2013/12/15 14:30:51 |  INFO | Connector stomp started
INFO   | jvm 1    | 2013/12/15 14:30:51 |  INFO | Listening for connections at: mqtt://gens-ubuntu:1883?maximumConnections=1000&wireFormat.maxFrameSize=104857600
INFO   | jvm 1    | 2013/12/15 14:30:51 |  INFO | Connector mqtt started
INFO   | jvm 1    | 2013/12/15 14:30:57 |  INFO | Listening for connections at ws://gens-ubuntu:61614?maximumConnections=1000&wireFormat.maxFrameSize=104857600
INFO   | jvm 1    | 2013/12/15 14:30:57 |  INFO | Connector ws started
INFO   | jvm 1    | 2013/12/15 14:30:57 |  INFO | Apache ActiveMQ 5.9.0 (localhost, ID:gens-ubuntu-34516-1387114251685-0:1) started
INFO   | jvm 1    | 2013/12/15 14:30:57 |  INFO | For help or more information please see: http://activemq.apache.org
INFO   | jvm 1    | 2013/12/15 14:30:57 |  WARN | Store limit is 102400 mb, whilst the data directory: /home/gens/git/projetIFI/apache-activemq-5.9.0/bin/linux-x86-64/../../data/kahadb only has 8611 mb of usable space - resetting to maximum available disk space: 8611 mb
INFO   | jvm 1    | 2013/12/15 14:30:57 | ERROR | Temporary Store limit is 51200 mb, whilst the temporary data directory: /home/gens/git/projetIFI/apache-activemq-5.9.0/bin/linux-x86-64/../../data/localhost/tmp_storage only has 8611 mb of usable space - resetting to maximum available 8611 mb.
INFO   | jvm 1    | 2013/12/15 14:30:57 |  WARN | Web application not found ../../webapps/hawtio
INFO   | jvm 1    | 2013/12/15 14:30:57 |  WARN | Failed startup of context o.e.j.w.WebAppContext{/hawtio,null},../../webapps/hawtio
INFO   | jvm 1    | 2013/12/15 14:30:57 | java.io.FileNotFoundException: ../../webapps/hawtio
INFO   | jvm 1    | 2013/12/15 14:30:57 | 	at org.eclipse.jetty.webapp.WebInfConfiguration.unpack(WebInfConfiguration.java:502)
INFO   | jvm 1    | 2013/12/15 14:30:57 | 	at org.eclipse.jetty.webapp.WebInfConfiguration.preConfigure(WebInfConfiguration.java:71)
INFO   | jvm 1    | 2013/12/15 14:30:57 | 	at org.eclipse.jetty.webapp.WebAppContext.preConfigure(WebAppContext.java:443)
INFO   | jvm 1    | 2013/12/15 14:30:57 | 	at org.eclipse.jetty.webapp.WebAppContext.doStart(WebAppContext.java:479)
INFO   | jvm 1    | 2013/12/15 14:30:57 | 	at org.eclipse.jetty.util.component.AbstractLifeCycle.start(AbstractLifeCycle.java:64)
INFO   | jvm 1    | 2013/12/15 14:30:57 | 	at org.eclipse.jetty.server.handler.HandlerCollection.doStart(HandlerCollection.java:229)
INFO   | jvm 1    | 2013/12/15 14:30:57 | 	at org.eclipse.jetty.util.component.AbstractLifeCycle.start(AbstractLifeCycle.java:64)
INFO   | jvm 1    | 2013/12/15 14:30:57 | 	at org.eclipse.jetty.server.handler.HandlerWrapper.doStart(HandlerWrapper.java:95)
INFO   | jvm 1    | 2013/12/15 14:30:57 | 	at org.eclipse.jetty.security.SecurityHandler.doStart(SecurityHandler.java:381)
INFO   | jvm 1    | 2013/12/15 14:30:57 | 	at org.eclipse.jetty.security.ConstraintSecurityHandler.doStart(ConstraintSecurityHandler.java:233)
INFO   | jvm 1    | 2013/12/15 14:30:57 | 	at org.eclipse.jetty.util.component.AbstractLifeCycle.start(AbstractLifeCycle.java:64)
INFO   | jvm 1    | 2013/12/15 14:30:57 | 	at org.eclipse.jetty.server.handler.HandlerCollection.doStart(HandlerCollection.java:229)
INFO   | jvm 1    | 2013/12/15 14:30:57 | 	at org.eclipse.jetty.util.component.AbstractLifeCycle.start(AbstractLifeCycle.java:64)
INFO   | jvm 1    | 2013/12/15 14:30:57 | 	at org.eclipse.jetty.server.handler.HandlerWrapper.doStart(HandlerWrapper.java:95)
INFO   | jvm 1    | 2013/12/15 14:30:57 | 	at org.eclipse.jetty.server.Server.doStart(Server.java:279)
INFO   | jvm 1    | 2013/12/15 14:30:57 | 	at org.eclipse.jetty.util.component.AbstractLifeCycle.start(AbstractLifeCycle.java:64)
INFO   | jvm 1    | 2013/12/15 14:30:57 | 	at sun.reflect.NativeMethodAccessorImpl.invoke0(Native Method)
INFO   | jvm 1    | 2013/12/15 14:30:57 | 	at sun.reflect.NativeMethodAccessorImpl.invoke(NativeMethodAccessorImpl.java:57)
INFO   | jvm 1    | 2013/12/15 14:30:57 | 	at sun.reflect.DelegatingMethodAccessorImpl.invoke(DelegatingMethodAccessorImpl.java:43)
INFO   | jvm 1    | 2013/12/15 14:30:57 | 	at java.lang.reflect.Method.invoke(Method.java:606)
INFO   | jvm 1    | 2013/12/15 14:30:57 | 	at org.springframework.beans.factory.support.AbstractAutowireCapableBeanFactory.invokeCustomInitMethod(AbstractAutowireCapableBeanFactory.java:1608)
INFO   | jvm 1    | 2013/12/15 14:30:57 | 	at org.springframework.beans.factory.support.AbstractAutowireCapableBeanFactory.invokeInitMethods(AbstractAutowireCapableBeanFactory.java:1549)
INFO   | jvm 1    | 2013/12/15 14:30:57 | 	at org.springframework.beans.factory.support.AbstractAutowireCapableBeanFactory.initializeBean(AbstractAutowireCapableBeanFactory.java:1479)
INFO   | jvm 1    | 2013/12/15 14:30:57 | 	at org.springframework.beans.factory.support.AbstractAutowireCapableBeanFactory.doCreateBean(AbstractAutowireCapableBeanFactory.java:521)
INFO   | jvm 1    | 2013/12/15 14:30:57 | 	at org.springframework.beans.factory.support.AbstractAutowireCapableBeanFactory.createBean(AbstractAutowireCapableBeanFactory.java:458)
INFO   | jvm 1    | 2013/12/15 14:30:57 | 	at org.springframework.beans.factory.support.AbstractBeanFactory$1.getObject(AbstractBeanFactory.java:295)
INFO   | jvm 1    | 2013/12/15 14:30:57 | 	at org.springframework.beans.factory.support.DefaultSingletonBeanRegistry.getSingleton(DefaultSingletonBeanRegistry.java:223)
INFO   | jvm 1    | 2013/12/15 14:30:57 | 	at org.springframework.beans.factory.support.AbstractBeanFactory.doGetBean(AbstractBeanFactory.java:292)
INFO   | jvm 1    | 2013/12/15 14:30:57 | 	at org.springframework.beans.factory.support.AbstractBeanFactory.getBean(AbstractBeanFactory.java:194)
INFO   | jvm 1    | 2013/12/15 14:30:57 | 	at org.springframework.beans.factory.support.DefaultListableBeanFactory.preInstantiateSingletons(DefaultListableBeanFactory.java:628)
INFO   | jvm 1    | 2013/12/15 14:30:57 | 	at org.springframework.context.support.AbstractApplicationContext.finishBeanFactoryInitialization(AbstractApplicationContext.java:932)
INFO   | jvm 1    | 2013/12/15 14:30:57 | 	at org.springframework.context.support.AbstractApplicationContext.refresh(AbstractApplicationContext.java:479)
INFO   | jvm 1    | 2013/12/15 14:30:57 | 	at org.apache.xbean.spring.context.ResourceXmlApplicationContext.<init>(ResourceXmlApplicationContext.java:64)
INFO   | jvm 1    | 2013/12/15 14:30:57 | 	at org.apache.xbean.spring.context.ResourceXmlApplicationContext.<init>(ResourceXmlApplicationContext.java:52)
INFO   | jvm 1    | 2013/12/15 14:30:57 | 	at org.apache.activemq.xbean.XBeanBrokerFactory$1.<init>(XBeanBrokerFactory.java:104)
INFO   | jvm 1    | 2013/12/15 14:30:57 | 	at org.apache.activemq.xbean.XBeanBrokerFactory.createApplicationContext(XBeanBrokerFactory.java:104)
INFO   | jvm 1    | 2013/12/15 14:30:57 | 	at org.apache.activemq.xbean.XBeanBrokerFactory.createBroker(XBeanBrokerFactory.java:67)
INFO   | jvm 1    | 2013/12/15 14:30:57 | 	at org.apache.activemq.broker.BrokerFactory.createBroker(BrokerFactory.java:71)
INFO   | jvm 1    | 2013/12/15 14:30:57 | 	at org.apache.activemq.broker.BrokerFactory.createBroker(BrokerFactory.java:54)
INFO   | jvm 1    | 2013/12/15 14:30:57 | 	at org.apache.activemq.console.command.StartCommand.runTask(StartCommand.java:87)
INFO   | jvm 1    | 2013/12/15 14:30:57 | 	at org.apache.activemq.console.command.AbstractCommand.execute(AbstractCommand.java:57)
INFO   | jvm 1    | 2013/12/15 14:30:57 | 	at org.apache.activemq.console.command.ShellCommand.runTask(ShellCommand.java:150)
INFO   | jvm 1    | 2013/12/15 14:30:57 | 	at org.apache.activemq.console.command.AbstractCommand.execute(AbstractCommand.java:57)
INFO   | jvm 1    | 2013/12/15 14:30:57 | 	at org.apache.activemq.console.command.ShellCommand.main(ShellCommand.java:104)
INFO   | jvm 1    | 2013/12/15 14:30:57 | 	at sun.reflect.NativeMethodAccessorImpl.invoke0(Native Method)
INFO   | jvm 1    | 2013/12/15 14:30:57 | 	at sun.reflect.NativeMethodAccessorImpl.invoke(NativeMethodAccessorImpl.java:57)
INFO   | jvm 1    | 2013/12/15 14:30:57 | 	at sun.reflect.DelegatingMethodAccessorImpl.invoke(DelegatingMethodAccessorImpl.java:43)
INFO   | jvm 1    | 2013/12/15 14:30:57 | 	at java.lang.reflect.Method.invoke(Method.java:606)
INFO   | jvm 1    | 2013/12/15 14:30:57 | 	at org.apache.activemq.console.Main.runTaskClass(Main.java:262)
INFO   | jvm 1    | 2013/12/15 14:30:57 | 	at org.apache.activemq.console.Main.main(Main.java:115)
INFO   | jvm 1    | 2013/12/15 14:30:57 | 	at sun.reflect.NativeMethodAccessorImpl.invoke0(Native Method)
INFO   | jvm 1    | 2013/12/15 14:30:57 | 	at sun.reflect.NativeMethodAccessorImpl.invoke(NativeMethodAccessorImpl.java:57)
INFO   | jvm 1    | 2013/12/15 14:30:57 | 	at sun.reflect.DelegatingMethodAccessorImpl.invoke(DelegatingMethodAccessorImpl.java:43)
INFO   | jvm 1    | 2013/12/15 14:30:57 | 	at java.lang.reflect.Method.invoke(Method.java:606)
INFO   | jvm 1    | 2013/12/15 14:30:57 | 	at org.tanukisoftware.wrapper.WrapperSimpleApp.run(WrapperSimpleApp.java:240)
INFO   | jvm 1    | 2013/12/15 14:30:57 | 	at java.lang.Thread.run(Thread.java:724)
